Here is the maze built from 'Mazes.in': 
   _ _ _ _ _ _ _ _ _
|_ _ _  |  _ _   _  |
|  _ _| | |  _  |   |
| |   | |_| | | |_| |
|_ _|_ _   _| |_  | |
|  _    | |  _ _| |_|
| |_ _|  _|   |_    |
|_ _ _ _|_ _|_ _ _| |
Path exists on maze built from 'Mazes.in': true
 @ _ _ _ _ _ _ _ _ _
|@ @ @ @|  _ _   _  |
|  _ _|@| |@ @ @|   |
| |   |@|_|@| |@|_| |
|_ _|_ @ @ @| |@ @| |
|  _    | |  _ _|@|_|
| |_ _|  _|   |_ @ @|
|_ _ _ _|_ _|_ _ _|@|
                   @
Here is the maze built from 'Mazes.in': 
   _ _ _ _ _ _ _ _ _ _ _ _ _ _
|_   _ _  |  _ _ _  |  _ _    |
| | |_ _  | |_ _  | | |   | | |
| |_ _  | |_ _ _  | | | | |_| |
|  _  | |  _ _ _| | |_| |  _  |
| | | | | |  _ _  |_ _ _| | | |
| |_ _| | | |    _|_ _ _ _ _| |
| |  _ _| | | | |    _ _ _ _  |
| | |_ _ _| |_|_| | | |  _  | |
| |_ _ _ _ _ _  | |_ _| | | |_|
|_ _ _ _ _ _ _ _|_ _ _ _ _|_  |
Path exists on maze built from 'Mazes.in': true
 @ _ _ _ _ _ _ _ _ _ _ _ _ _ _
|@ @ _ _  |@ @ @ @ @|  _ _    |
| |@|_ _  |@|_ _  |@| |@ @| | |
| |@ @ @| |@ @ @ @|@| |@|@|_| |
|  _  |@|  _ _ _|@|@|_|@|@ @ @|
| | | |@| |@ @ @ @|@ @ @| | |@|
| |_ _|@| |@|    _|_ _ _ _ _|@|
| |@ @ @| |@| | |@ @ @ @ @ @ @|
| |@|_ _ _|@|_|_|@| | |@ @ @| |
| |@ @ @ @ @ _  |@|_ _|@| |@|_|
|_ _ _ _ _ _ _ _|@ @ @ @ _|@ @|
                             @
Here is the maze built from 'Mazes.in': 
   _ _ _ _ _ _ _ _ _ _ _ _ _ _ _ _ _ _ _
| |  _ _ _ _ _ _ _ _ _ _ _ _ _ _ _ _ _  |
| | |  _ _ _ _ _ _ _ _ _ _ _ _ _ _ _  | |
| | | |  _ _ _ _ _ _ _ _ _ _ _ _ _  | | |
| | | | |  _ _ _ _ _ _ _ _ _ _ _  | | | |
| | | | | |  _ _ _ _ _ _ _ _ _  | | | | |
| | | | | | |  _ _ _ _ _ _ _  | | | | | |
| | | | | | | |  _ _ _ _ _  | | | | | | |
| | | | | | | | |  _ _ _  | | | | | | | |
| | | | | | | | | |     | | | | | | | | |
| | | | | | | | | | | | | | | | | | | | |
| | | | | | | | | |_| | | | | | | | | | |
| | | | | | | | |_ _ _| | | | | | | | | |
| | | | | | | |_ _ _ _ _| | | | | | | | |
| | | | | | |_ _ _ _ _ _ _| | | | | | | |
| | | | | |_ _ _ _ _ _ _ _ _| | | | | | |
| | | | |_ _ _ _ _ _ _ _ _ _ _| | | | | |
| | | |_ _ _ _ _ _ _ _ _ _ _ _ _| | | | |
| | |_ _ _ _ _ _ _ _ _ _ _ _ _ _ _| | | |
| |_ _ _ _ _ _ _ _ _ _ _ _ _ _ _ _ _| | |
|_ _ _ _ _ _ _ _ _ _ _ _ _ _ _ _ _ _ _| |
Path exists on maze built from 'Mazes.in': true
 @ _ _ _ _ _ _ _ _ _ _ _ _ _ _ _ _ _ _ _
|@|@ @ @ @ @ @ @ @ @ @ @ @ @ @ @ @ @ @ @|
|@|@|@ @ @ @ @ @ @ @ @ @ @ @ @ @ @ @ @|@|
|@|@|@|@ @ @ @ @ @ @ @ @ @ @ @ @ @ @|@|@|
|@|@|@|@|@ @ @ @ @ @ @ @ @ @ @ @ @|@|@|@|
|@|@|@|@|@|@ @ @ @ @ @ @ @ @ @ @|@|@|@|@|
|@|@|@|@|@|@|@ @ @ @ @ @ @ @ @|@|@|@|@|@|
|@|@|@|@|@|@|@|@ @ @ @ @ @ @|@|@|@|@|@|@|
|@|@|@|@|@|@|@|@|@ @ @ @ @|@|@|@|@|@|@|@|
|@|@|@|@|@|@|@|@|@|  @ @|@|@|@|@|@|@|@|@|
|@|@|@|@|@|@|@|@|@| |@|@|@|@|@|@|@|@|@|@|
|@|@|@|@|@|@|@|@|@|_|@|@|@|@|@|@|@|@|@|@|
|@|@|@|@|@|@|@|@|@ @ @|@|@|@|@|@|@|@|@|@|
|@|@|@|@|@|@|@|@ @ @ @ @|@|@|@|@|@|@|@|@|
|@|@|@|@|@|@|@ @ @ @ @ @ @|@|@|@|@|@|@|@|
|@|@|@|@|@|@ @ @ @ @ @ @ @ @|@|@|@|@|@|@|
|@|@|@|@|@ @ @ @ @ @ @ @ @ @ @|@|@|@|@|@|
|@|@|@|@ @ @ @ @ @ @ @ @ @ @ @ @|@|@|@|@|
|@|@|@ @ @ @ @ @ @ @ @ @ @ @ @ @ @|@|@|@|
|@|@ @ @ @ @ @ @ @ @ @ @ @ @ @ @ @ @|@|@|
|@ @ @ @ @ @ @ @ @ @ @ @ @ @ @ @ @ @ @|@|
                                       @
Here is the maze built from 'Mazes.in': 
   _ _ _ _ _ _ _ _ _ _ _ _ _ _ _ _ _ _ _
| |  _ _ _ _ _ _ _ _ _ _ _ _ _ _ _ _ _  |
| | |  _ _ _ _ _ _ _ _ _ _ _ _ _ _ _  | |
| | | |  _ _ _ _ _ _ _ _ _ _ _ _ _  | | |
| | | | |  _ _ _ _ _ _ _ _ _ _ _  | | | |
| | | | | |  _ _ _ _ _ _ _ _ _  | | | | |
| | | | | | |  _ _ _ _ _ _ _  | | | | | |
| | | | | | | |  _ _ _ _ _  | | | | | | |
| | | | | | | | |  _ _ _  | | | | | | | |
| | | | | | | | | |  _  | | | | | | | | |
| | | | | | | | | | | | | | | | | | | | |
| | | | | | | | | |_| | | | | | | | | | |
| | | | | | | | |_ _ _| | | | | | | | | |
| | | | | | | |_ _ _ _ _| | | | | | | | |
| | | | | | |_ _ _ _ _ _ _| | | | | | | |
| | | | | |_ _ _ _ _ _ _ _ _| | | | | | |
| | | | |_ _ _ _ _ _ _ _ _ _ _| | | | | |
| | | |_ _ _ _ _ _ _ _ _ _ _ _ _| | | | |
| | |_ _ _ _ _ _ _ _ _ _ _ _ _ _ _| | | |
| |_ _ _ _ _ _ _ _ _ _ _ _ _ _ _ _ _| | |
|_ _ _ _ _ _ _ _ _ _ _ _ _ _ _ _ _ _ _| |
Path exists on maze built from 'Mazes.in': false
Here is the maze built from 'Mazes.in': 
   _ _ _ _ _ _ _ _ _ _ _ _ _ _ _ _ _ _ _
|                                       |
|                                       |
|                                       |
|                                       |
|                                       |
|                                       |
|                                       |
|                                       |
|                                       |
|                                       |
|                                       |
|                                       |
|                                       |
|                                       |
|                                       |
|                                       |
|                                       |
|                                       |
|                                       |
|_ _ _ _ _ _ _ _ _ _ _ _ _ _ _ _ _ _ _  |
Path exists on maze built from 'Mazes.in': true
 @ _ _ _ _ _ _ _ _ _ _ _ _ _ _ _ _ _ _ _
|@                                      |
|@                                      |
|@                                      |
|@                                      |
|@                                      |
|@                                      |
|@                                      |
|@                                      |
|@                                      |
|@                                      |
|@                                      |
|@                                      |
|@                                      |
|@                                      |
|@                                      |
|@                                      |
|@                                      |
|@                                      |
|@                                      |
|@ @ @ @ @ @ @ @ @ @ @ @ @ @ @ @ @ @ @ @|
                                       @